[debug] [2026-03-09T19:55:30.970Z] ----------------------------------------------------------------------
[debug] [2026-03-09T19:55:30.976Z] Command:       C:\nvm4w\nodejs\node.exe C:\nvm4w\nodejs\node_modules\firebase-tools\lib\bin\firebase.js deploy --only functions
[debug] [2026-03-09T19:55:30.977Z] CLI Version:   15.8.0
[debug] [2026-03-09T19:55:30.977Z] Platform:      win32
[debug] [2026-03-09T19:55:30.977Z] Node Version:  v24.13.0
[debug] [2026-03-09T19:55:30.978Z] Time:          Mon Mar 09 2026 13:55:30 GMT-0600 (Mountain Daylight Time)
[debug] [2026-03-09T19:55:30.978Z] ----------------------------------------------------------------------
[debug] 
[debug] [2026-03-09T19:55:33.755Z] > command requires scopes: ["email","openid","https://www.googleapis.com/auth/cloudplatformprojects.readonly","https://www.googleapis.com/auth/firebase","https://www.googleapis.com/auth/cloud-platform"]
[debug] [2026-03-09T19:55:33.755Z] > authorizing via signed-in user (wal22080@byui.edu)
[debug] [2026-03-09T19:55:33.756Z] [iam] checking project bunk-buddies-dev for permissions ["cloudfunctions.functions.create","cloudfunctions.functions.delete","cloudfunctions.functions.get","cloudfunctions.functions.list","cloudfunctions.functions.update","cloudfunctions.operations.get","firebase.projects.get"]
[debug] [2026-03-09T19:55:33.757Z] Checked if tokens are valid: true, expires at: 1773089266781
[debug] [2026-03-09T19:55:33.757Z] Checked if tokens are valid: true, expires at: 1773089266781
[debug] [2026-03-09T19:55:33.758Z] >>> [apiv2][query] POST https://cloudresourcemanager.googleapis.com/v1/projects/bunk-buddies-dev:testIamPermissions [none]
[debug] [2026-03-09T19:55:33.758Z] >>> [apiv2][(partial)header] POST https://cloudresourcemanager.googleapis.com/v1/projects/bunk-buddies-dev:testIamPermissions  x-goog-user-project=bunk-buddies-dev
[debug] [2026-03-09T19:55:33.759Z] >>> [apiv2][body] POST https://cloudresourcemanager.googleapis.com/v1/projects/bunk-buddies-dev:testIamPermissions {"permissions":["cloudfunctions.functions.create","cloudfunctions.functions.delete","cloudfunctions.functions.get","cloudfunctions.functions.list","cloudfunctions.functions.update","cloudfunctions.operations.get","firebase.projects.get"]}
[debug] [2026-03-09T19:55:34.180Z] <<< [apiv2][status] POST https://cloudresourcemanager.googleapis.com/v1/projects/bunk-buddies-dev:testIamPermissions 200
[debug] [2026-03-09T19:55:34.180Z] <<< [apiv2][body] POST https://cloudresourcemanager.googleapis.com/v1/projects/bunk-buddies-dev:testIamPermissions {"permissions":["cloudfunctions.functions.create","cloudfunctions.functions.delete","cloudfunctions.functions.get","cloudfunctions.functions.list","cloudfunctions.functions.update","cloudfunctions.operations.get","firebase.projects.get"]}
[debug] [2026-03-09T19:55:34.180Z] Checked if tokens are valid: true, expires at: 1773089266781
[debug] [2026-03-09T19:55:34.181Z] Checked if tokens are valid: true, expires at: 1773089266781
[debug] [2026-03-09T19:55:34.181Z] >>> [apiv2][query] POST https://iam.googleapis.com/v1/projects/bunk-buddies-dev/serviceAccounts/bunk-buddies-dev@appspot.gserviceaccount.com:testIamPermissions [none]
[debug] [2026-03-09T19:55:34.181Z] >>> [apiv2][body] POST https://iam.googleapis.com/v1/projects/bunk-buddies-dev/serviceAccounts/bunk-buddies-dev@appspot.gserviceaccount.com:testIamPermissions {"permissions":["iam.serviceAccounts.actAs"]}
[debug] [2026-03-09T19:55:34.565Z] <<< [apiv2][status] POST https://iam.googleapis.com/v1/projects/bunk-buddies-dev/serviceAccounts/bunk-buddies-dev@appspot.gserviceaccount.com:testIamPermissions 200
[debug] [2026-03-09T19:55:34.566Z] <<< [apiv2][body] POST https://iam.googleapis.com/v1/projects/bunk-buddies-dev/serviceAccounts/bunk-buddies-dev@appspot.gserviceaccount.com:testIamPermissions {"permissions":["iam.serviceAccounts.actAs"]}
[info] 
[info] === Deploying to 'bunk-buddies-dev'...
[info] 
[info] i  deploying functions 
[debug] [2026-03-09T19:55:34.572Z] Checked if tokens are valid: true, expires at: 1773089266781
[debug] [2026-03-09T19:55:34.573Z] Checked if tokens are valid: true, expires at: 1773089266781
[debug] [2026-03-09T19:55:34.573Z] >>> [apiv2][query] GET https://cloudresourcemanager.googleapis.com/v1/projects/bunk-buddies-dev [none]
[debug] [2026-03-09T19:55:34.676Z] <<< [apiv2][status] GET https://cloudresourcemanager.googleapis.com/v1/projects/bunk-buddies-dev 200
[debug] [2026-03-09T19:55:34.676Z] <<< [apiv2][body] GET https://cloudresourcemanager.googleapis.com/v1/projects/bunk-buddies-dev {"projectNumber":"610145583525","projectId":"bunk-buddies-dev","lifecycleState":"ACTIVE","name":"bunk-buddies-dev","labels":{"firebase":"enabled","firebase-core":"disabled"},"createTime":"2026-02-23T20:28:23.722258Z","parent":{"type":"organization","id":"809482286561"}}
[info] i  functions: preparing codebase default for deployment 
[info] i  functions: ensuring required API cloudfunctions.googleapis.com is enabled... 
[debug] [2026-03-09T19:55:34.678Z] Checked if tokens are valid: true, expires at: 1773089266781
[debug] [2026-03-09T19:55:34.678Z] Checked if tokens are valid: true, expires at: 1773089266781
[info] i  functions: ensuring required API cloudbuild.googleapis.com is enabled... 
[debug] [2026-03-09T19:55:34.680Z] Checked if tokens are valid: true, expires at: 1773089266781
[debug] [2026-03-09T19:55:34.680Z] Checked if tokens are valid: true, expires at: 1773089266781
[info] i  artifactregistry: ensuring required API artifactregistry.googleapis.com is enabled... 
[debug] [2026-03-09T19:55:34.680Z] Checked if tokens are valid: true, expires at: 1773089266781
[debug] [2026-03-09T19:55:34.680Z] Checked if tokens are valid: true, expires at: 1773089266781
[debug] [2026-03-09T19:55:34.681Z] >>> [apiv2][query] GET https://serviceusage.googleapis.com/v1/projects/bunk-buddies-dev/services/cloudfunctions.googleapis.com [none]
[debug] [2026-03-09T19:55:34.681Z] >>> [apiv2][(partial)header] GET https://serviceusage.googleapis.com/v1/projects/bunk-buddies-dev/services/cloudfunctions.googleapis.com  x-goog-user-project=bunk-buddies-dev
[debug] [2026-03-09T19:55:34.682Z] >>> [apiv2][query] GET https://serviceusage.googleapis.com/v1/projects/bunk-buddies-dev/services/cloudbuild.googleapis.com [none]
[debug] [2026-03-09T19:55:34.682Z] >>> [apiv2][(partial)header] GET https://serviceusage.googleapis.com/v1/projects/bunk-buddies-dev/services/cloudbuild.googleapis.com  x-goog-user-project=bunk-buddies-dev
[debug] [2026-03-09T19:55:34.684Z] >>> [apiv2][query] GET https://serviceusage.googleapis.com/v1/projects/bunk-buddies-dev/services/artifactregistry.googleapis.com [none]
[debug] [2026-03-09T19:55:34.684Z] >>> [apiv2][(partial)header] GET https://serviceusage.googleapis.com/v1/projects/bunk-buddies-dev/services/artifactregistry.googleapis.com  x-goog-user-project=bunk-buddies-dev
[debug] [2026-03-09T19:55:35.223Z] <<< [apiv2][status] GET https://serviceusage.googleapis.com/v1/projects/bunk-buddies-dev/services/cloudfunctions.googleapis.com 200
[debug] [2026-03-09T19:55:35.223Z] <<< [apiv2][body] GET https://serviceusage.googleapis.com/v1/projects/bunk-buddies-dev/services/cloudfunctions.googleapis.com [omitted]
[info] +  functions: required API cloudfunctions.googleapis.com is enabled 
[debug] [2026-03-09T19:55:35.265Z] <<< [apiv2][status] GET https://serviceusage.googleapis.com/v1/projects/bunk-buddies-dev/services/cloudbuild.googleapis.com 200
[debug] [2026-03-09T19:55:35.266Z] <<< [apiv2][body] GET https://serviceusage.googleapis.com/v1/projects/bunk-buddies-dev/services/cloudbuild.googleapis.com [omitted]
[warn] !  functions: missing required API cloudbuild.googleapis.com. Enabling now... 
[debug] [2026-03-09T19:55:35.273Z] Checked if tokens are valid: true, expires at: 1773089266781
[debug] [2026-03-09T19:55:35.273Z] Checked if tokens are valid: true, expires at: 1773089266781
[debug] [2026-03-09T19:55:35.273Z] >>> [apiv2][query] POST https://serviceusage.googleapis.com/v1/projects/bunk-buddies-dev/services/cloudbuild.googleapis.com:enable [none]
[debug] [2026-03-09T19:55:35.273Z] >>> [apiv2][(partial)header] POST https://serviceusage.googleapis.com/v1/projects/bunk-buddies-dev/services/cloudbuild.googleapis.com:enable  x-goog-user-project=bunk-buddies-dev
[debug] [2026-03-09T19:55:35.280Z] <<< [apiv2][status] GET https://serviceusage.googleapis.com/v1/projects/bunk-buddies-dev/services/artifactregistry.googleapis.com 200
[debug] [2026-03-09T19:55:35.280Z] <<< [apiv2][body] GET https://serviceusage.googleapis.com/v1/projects/bunk-buddies-dev/services/artifactregistry.googleapis.com [omitted]
[warn] !  artifactregistry: missing required API artifactregistry.googleapis.com. Enabling now... 
[debug] [2026-03-09T19:55:35.281Z] Checked if tokens are valid: true, expires at: 1773089266781
[debug] [2026-03-09T19:55:35.282Z] Checked if tokens are valid: true, expires at: 1773089266781
[debug] [2026-03-09T19:55:35.282Z] >>> [apiv2][query] POST https://serviceusage.googleapis.com/v1/projects/bunk-buddies-dev/services/artifactregistry.googleapis.com:enable [none]
[debug] [2026-03-09T19:55:35.283Z] >>> [apiv2][(partial)header] POST https://serviceusage.googleapis.com/v1/projects/bunk-buddies-dev/services/artifactregistry.googleapis.com:enable  x-goog-user-project=bunk-buddies-dev
[debug] [2026-03-09T19:55:35.564Z] <<< [apiv2][status] POST https://serviceusage.googleapis.com/v1/projects/bunk-buddies-dev/services/artifactregistry.googleapis.com:enable 200
[debug] [2026-03-09T19:55:35.564Z] <<< [apiv2][body] POST https://serviceusage.googleapis.com/v1/projects/bunk-buddies-dev/services/artifactregistry.googleapis.com:enable [omitted]
[debug] [2026-03-09T19:55:35.796Z] <<< [apiv2][status] POST https://serviceusage.googleapis.com/v1/projects/bunk-buddies-dev/services/cloudbuild.googleapis.com:enable 200
[debug] [2026-03-09T19:55:35.796Z] <<< [apiv2][body] POST https://serviceusage.googleapis.com/v1/projects/bunk-buddies-dev/services/cloudbuild.googleapis.com:enable [omitted]
[debug] [2026-03-09T19:55:45.834Z] Checked if tokens are valid: true, expires at: 1773089266781
[debug] [2026-03-09T19:55:45.834Z] Checked if tokens are valid: true, expires at: 1773089266781
[debug] [2026-03-09T19:55:45.835Z] >>> [apiv2][query] GET https://firebase.googleapis.com/v1beta1/projects/bunk-buddies-dev/adminSdkConfig [none]
[debug] [2026-03-09T19:55:46.357Z] <<< [apiv2][status] GET https://firebase.googleapis.com/v1beta1/projects/bunk-buddies-dev/adminSdkConfig 200
[debug] [2026-03-09T19:55:46.358Z] <<< [apiv2][body] GET https://firebase.googleapis.com/v1beta1/projects/bunk-buddies-dev/adminSdkConfig {"projectId":"bunk-buddies-dev","storageBucket":"bunk-buddies-dev.firebasestorage.app"}
[debug] [2026-03-09T19:55:46.359Z] Checked if tokens are valid: true, expires at: 1773089266781
[debug] [2026-03-09T19:55:46.359Z] Checked if tokens are valid: true, expires at: 1773089266781
[debug] [2026-03-09T19:55:46.359Z] >>> [apiv2][query] GET https://runtimeconfig.googleapis.com/v1beta1/projects/bunk-buddies-dev/configs [none]
[debug] [2026-03-09T19:55:47.225Z] <<< [apiv2][status] GET https://runtimeconfig.googleapis.com/v1beta1/projects/bunk-buddies-dev/configs 200
[debug] [2026-03-09T19:55:47.226Z] <<< [apiv2][body] GET https://runtimeconfig.googleapis.com/v1beta1/projects/bunk-buddies-dev/configs {}
[debug] [2026-03-09T19:55:47.229Z] Validating nodejs source
[warn] !  functions: Runtime Node.js 20 will be deprecated on 2026-04-30 and will be decommissioned on 2026-10-30, after which you will not be able to deploy without upgrading. Consider upgrading now to avoid disruption. See https://cloud.google.com/functions/docs/runtime-support for full details on the lifecycle policy 
[warn] !  functions: package.json indicates an outdated version of firebase-functions. Please upgrade using npm install --save firebase-functions@latest in your functions directory. 
[warn] !  functions: Please note that there will be breaking changes when you upgrade. 
[debug] [2026-03-09T19:55:48.857Z] > [functions] package.json contents: {
  "name": "sink-functions",
  "private": true,
  "engines": {
    "node": "20"
  },
  "main": "index.js",
  "scripts": {
    "lint": "echo \"No lint configured\"",
    "deploy": "firebase deploy --only functions"
  },
  "dependencies": {
    "firebase-admin": "^13.0.0",
    "firebase-functions": "^6.1.0"
  }
}
[debug] [2026-03-09T19:55:48.858Z] Building nodejs source
[info] i  functions: Loading and analyzing source code for codebase default to determine what to deploy 
[debug] [2026-03-09T19:55:48.859Z] Could not find functions.yaml. Must use http discovery
[debug] [2026-03-09T19:55:48.873Z] Found firebase-functions binary at 'C:\Users\arktr\repos\Sink-Project\functions\node_modules\.bin\firebase-functions'
[info] Serving at port 8034

[debug] [2026-03-09T19:55:49.960Z] Got response from /__/functions.yaml {"endpoints":{"sendPushOnNotificationCreated":{"availableMemoryMb":null,"timeoutSeconds":null,"minInstances":null,"maxInstances":null,"ingressSettings":null,"concurrency":null,"serviceAccountEmail":null,"vpc":null,"platform":"gcfv2","region":["us-central1"],"labels":{},"eventTrigger":{"eventType":"google.cloud.firestore.document.v1.created","eventFilters":{"database":"(default)","namespace":"(default)"},"eventFilterPathPatterns":{"document":"apartments/{apartmentCode}/notifications/{notificationId}"},"retry":false},"entryPoint":"sendPushOnNotificationCreated"}},"specVersion":"v1alpha1","requiredAPIs":[],"extensions":{}}
[info] i  extensions: ensuring required API firebaseextensions.googleapis.com is enabled... 
[debug] [2026-03-09T19:55:54.032Z] Checked if tokens are valid: true, expires at: 1773089266781
[debug] [2026-03-09T19:55:54.032Z] Checked if tokens are valid: true, expires at: 1773089266781
[debug] [2026-03-09T19:55:54.033Z] >>> [apiv2][query] GET https://serviceusage.googleapis.com/v1/projects/bunk-buddies-dev/services/firebaseextensions.googleapis.com [none]
[debug] [2026-03-09T19:55:54.033Z] >>> [apiv2][(partial)header] GET https://serviceusage.googleapis.com/v1/projects/bunk-buddies-dev/services/firebaseextensions.googleapis.com  x-goog-user-project=bunk-buddies-dev
[debug] [2026-03-09T19:55:54.543Z] <<< [apiv2][status] GET https://serviceusage.googleapis.com/v1/projects/bunk-buddies-dev/services/firebaseextensions.googleapis.com 200
[debug] [2026-03-09T19:55:54.543Z] <<< [apiv2][body] GET https://serviceusage.googleapis.com/v1/projects/bunk-buddies-dev/services/firebaseextensions.googleapis.com [omitted]
[warn] !  extensions: missing required API firebaseextensions.googleapis.com. Enabling now... 
[debug] [2026-03-09T19:55:54.546Z] Checked if tokens are valid: true, expires at: 1773089266781
[debug] [2026-03-09T19:55:54.546Z] Checked if tokens are valid: true, expires at: 1773089266781
[debug] [2026-03-09T19:55:54.546Z] >>> [apiv2][query] POST https://serviceusage.googleapis.com/v1/projects/bunk-buddies-dev/services/firebaseextensions.googleapis.com:enable [none]
[debug] [2026-03-09T19:55:54.547Z] >>> [apiv2][(partial)header] POST https://serviceusage.googleapis.com/v1/projects/bunk-buddies-dev/services/firebaseextensions.googleapis.com:enable  x-goog-user-project=bunk-buddies-dev
[debug] [2026-03-09T19:55:54.958Z] <<< [apiv2][status] POST https://serviceusage.googleapis.com/v1/projects/bunk-buddies-dev/services/firebaseextensions.googleapis.com:enable 200
[debug] [2026-03-09T19:55:54.959Z] <<< [apiv2][body] POST https://serviceusage.googleapis.com/v1/projects/bunk-buddies-dev/services/firebaseextensions.googleapis.com:enable [omitted]
[debug] [2026-03-09T19:56:05.001Z] > command requires scopes: ["email","openid","https://www.googleapis.com/auth/cloudplatformprojects.readonly","https://www.googleapis.com/auth/firebase","https://www.googleapis.com/auth/cloud-platform"]
[debug] [2026-03-09T19:56:05.001Z] > authorizing via signed-in user (wal22080@byui.edu)
[debug] [2026-03-09T19:56:05.001Z] [iam] checking project bunk-buddies-dev for permissions ["firebase.projects.get","firebaseextensions.instances.list"]
[debug] [2026-03-09T19:56:05.002Z] Checked if tokens are valid: true, expires at: 1773089266781
[debug] [2026-03-09T19:56:05.002Z] Checked if tokens are valid: true, expires at: 1773089266781
[debug] [2026-03-09T19:56:05.002Z] >>> [apiv2][query] POST https://cloudresourcemanager.googleapis.com/v1/projects/bunk-buddies-dev:testIamPermissions [none]
[debug] [2026-03-09T19:56:05.002Z] >>> [apiv2][(partial)header] POST https://cloudresourcemanager.googleapis.com/v1/projects/bunk-buddies-dev:testIamPermissions  x-goog-user-project=bunk-buddies-dev
[debug] [2026-03-09T19:56:05.002Z] >>> [apiv2][body] POST https://cloudresourcemanager.googleapis.com/v1/projects/bunk-buddies-dev:testIamPermissions {"permissions":["firebase.projects.get","firebaseextensions.instances.list"]}
[debug] [2026-03-09T19:56:05.326Z] <<< [apiv2][status] POST https://cloudresourcemanager.googleapis.com/v1/projects/bunk-buddies-dev:testIamPermissions 200
[debug] [2026-03-09T19:56:05.327Z] <<< [apiv2][body] POST https://cloudresourcemanager.googleapis.com/v1/projects/bunk-buddies-dev:testIamPermissions {"permissions":["firebase.projects.get","firebaseextensions.instances.list"]}
[debug] [2026-03-09T19:56:05.327Z] Checked if tokens are valid: true, expires at: 1773089266781
[debug] [2026-03-09T19:56:05.327Z] Checked if tokens are valid: true, expires at: 1773089266781
[debug] [2026-03-09T19:56:05.328Z] >>> [apiv2][query] GET https://firebaseextensions.googleapis.com/v1beta/projects/bunk-buddies-dev/instances pageSize=100&pageToken=
[debug] [2026-03-09T19:56:08.296Z] <<< [apiv2][status] GET https://firebaseextensions.googleapis.com/v1beta/projects/bunk-buddies-dev/instances 200
[debug] [2026-03-09T19:56:08.296Z] <<< [apiv2][body] GET https://firebaseextensions.googleapis.com/v1beta/projects/bunk-buddies-dev/instances {}
[info] i  functions: preparing functions directory for uploading... 
[info] i  functions: packaged C:\Users\arktr\repos\Sink-Project\functions (36.42 KB) for uploading 
[debug] [2026-03-09T19:56:08.396Z] Checked if tokens are valid: true, expires at: 1773089266781
[debug] [2026-03-09T19:56:08.396Z] Checked if tokens are valid: true, expires at: 1773089266781
[debug] [2026-03-09T19:56:08.396Z] >>> [apiv2][query] GET https://cloudfunctions.googleapis.com/v1/projects/bunk-buddies-dev/locations/-/functions [none]
[debug] [2026-03-09T19:56:09.496Z] <<< [apiv2][status] GET https://cloudfunctions.googleapis.com/v1/projects/bunk-buddies-dev/locations/-/functions 200
[debug] [2026-03-09T19:56:09.497Z] <<< [apiv2][body] GET https://cloudfunctions.googleapis.com/v1/projects/bunk-buddies-dev/locations/-/functions {}
[debug] [2026-03-09T19:56:09.497Z] Checked if tokens are valid: true, expires at: 1773089266781
[debug] [2026-03-09T19:56:09.497Z] Checked if tokens are valid: true, expires at: 1773089266781
[debug] [2026-03-09T19:56:09.498Z] >>> [apiv2][query] GET https://cloudfunctions.googleapis.com/v2/projects/bunk-buddies-dev/locations/-/functions filter=environment%3D%22GEN_2%22
[debug] [2026-03-09T19:56:10.007Z] <<< [apiv2][status] GET https://cloudfunctions.googleapis.com/v2/projects/bunk-buddies-dev/locations/-/functions 200
[debug] [2026-03-09T19:56:10.007Z] <<< [apiv2][body] GET https://cloudfunctions.googleapis.com/v2/projects/bunk-buddies-dev/locations/-/functions {}
[debug] [2026-03-09T19:56:10.009Z] Checked if tokens are valid: true, expires at: 1773089266781
[debug] [2026-03-09T19:56:10.009Z] Checked if tokens are valid: true, expires at: 1773089266781
[debug] [2026-03-09T19:56:10.009Z] >>> [apiv2][query] GET https://firestore.googleapis.com/v1/projects/bunk-buddies-dev/databases/(default) [none]
[debug] [2026-03-09T19:56:10.353Z] <<< [apiv2][status] GET https://firestore.googleapis.com/v1/projects/bunk-buddies-dev/databases/(default) 200
[debug] [2026-03-09T19:56:10.354Z] <<< [apiv2][body] GET https://firestore.googleapis.com/v1/projects/bunk-buddies-dev/databases/(default) {"name":"projects/bunk-buddies-dev/databases/(default)","uid":"8c322b79-2aa0-4ba1-b9ba-a45ae22b37b9","createTime":"2026-02-23T20:43:27.201425Z","updateTime":"2026-02-23T20:43:27.201425Z","locationId":"nam5","type":"FIRESTORE_NATIVE","concurrencyMode":"PESSIMISTIC","versionRetentionPeriod":"3600s","earliestVersionTime":"2026-03-09T18:56:09.805206Z","appEngineIntegrationMode":"DISABLED","keyPrefix":"s","pointInTimeRecoveryEnablement":"POINT_IN_TIME_RECOVERY_DISABLED","deleteProtectionState":"DELETE_PROTECTION_DISABLED","databaseEdition":"STANDARD","freeTier":true,"realtimeUpdatesMode":"REALTIME_UPDATES_MODE_ENABLED","etag":"IL/dutrMk5MDMMXA5Ja98JID"}
[info] i  functions: ensuring required API run.googleapis.com is enabled... 
[debug] [2026-03-09T19:56:10.358Z] Checked if tokens are valid: true, expires at: 1773089266781
[debug] [2026-03-09T19:56:10.358Z] Checked if tokens are valid: true, expires at: 1773089266781
[info] i  functions: ensuring required API eventarc.googleapis.com is enabled... 
[debug] [2026-03-09T19:56:10.361Z] Checked if tokens are valid: true, expires at: 1773089266781
[debug] [2026-03-09T19:56:10.361Z] Checked if tokens are valid: true, expires at: 1773089266781
[info] i  functions: ensuring required API pubsub.googleapis.com is enabled... 
[debug] [2026-03-09T19:56:10.363Z] Checked if tokens are valid: true, expires at: 1773089266781
[debug] [2026-03-09T19:56:10.363Z] Checked if tokens are valid: true, expires at: 1773089266781
[info] i  functions: ensuring required API storage.googleapis.com is enabled... 
[debug] [2026-03-09T19:56:10.378Z] Checked if tokens are valid: true, expires at: 1773089266781
[debug] [2026-03-09T19:56:10.378Z] Checked if tokens are valid: true, expires at: 1773089266781
[debug] [2026-03-09T19:56:10.378Z] >>> [apiv2][query] GET https://serviceusage.googleapis.com/v1/projects/610145583525/services/run.googleapis.com [none]
[debug] [2026-03-09T19:56:10.379Z] >>> [apiv2][(partial)header] GET https://serviceusage.googleapis.com/v1/projects/610145583525/services/run.googleapis.com  x-goog-user-project=610145583525
[debug] [2026-03-09T19:56:10.381Z] >>> [apiv2][query] GET https://serviceusage.googleapis.com/v1/projects/610145583525/services/eventarc.googleapis.com [none]
[debug] [2026-03-09T19:56:10.381Z] >>> [apiv2][(partial)header] GET https://serviceusage.googleapis.com/v1/projects/610145583525/services/eventarc.googleapis.com  x-goog-user-project=610145583525
[debug] [2026-03-09T19:56:10.386Z] >>> [apiv2][query] GET https://serviceusage.googleapis.com/v1/projects/610145583525/services/pubsub.googleapis.com [none]
[debug] [2026-03-09T19:56:10.387Z] >>> [apiv2][(partial)header] GET https://serviceusage.googleapis.com/v1/projects/610145583525/services/pubsub.googleapis.com  x-goog-user-project=610145583525
[debug] [2026-03-09T19:56:10.391Z] >>> [apiv2][query] GET https://serviceusage.googleapis.com/v1/projects/610145583525/services/storage.googleapis.com [none]
[debug] [2026-03-09T19:56:10.391Z] >>> [apiv2][(partial)header] GET https://serviceusage.googleapis.com/v1/projects/610145583525/services/storage.googleapis.com  x-goog-user-project=610145583525
[debug] [2026-03-09T19:56:10.934Z] <<< [apiv2][status] GET https://serviceusage.googleapis.com/v1/projects/610145583525/services/pubsub.googleapis.com 200
[debug] [2026-03-09T19:56:10.934Z] <<< [apiv2][body] GET https://serviceusage.googleapis.com/v1/projects/610145583525/services/pubsub.googleapis.com [omitted]
[info] +  functions: required API pubsub.googleapis.com is enabled 
[debug] [2026-03-09T19:56:10.943Z] <<< [apiv2][status] GET https://serviceusage.googleapis.com/v1/projects/610145583525/services/eventarc.googleapis.com 200
[debug] [2026-03-09T19:56:10.943Z] <<< [apiv2][body] GET https://serviceusage.googleapis.com/v1/projects/610145583525/services/eventarc.googleapis.com [omitted]
[warn] !  functions: missing required API eventarc.googleapis.com. Enabling now... 
[debug] [2026-03-09T19:56:10.944Z] Checked if tokens are valid: true, expires at: 1773089266781
[debug] [2026-03-09T19:56:10.944Z] Checked if tokens are valid: true, expires at: 1773089266781
[debug] [2026-03-09T19:56:10.945Z] >>> [apiv2][query] POST https://serviceusage.googleapis.com/v1/projects/610145583525/services/eventarc.googleapis.com:enable [none]
[debug] [2026-03-09T19:56:10.945Z] >>> [apiv2][(partial)header] POST https://serviceusage.googleapis.com/v1/projects/610145583525/services/eventarc.googleapis.com:enable  x-goog-user-project=610145583525
[debug] [2026-03-09T19:56:10.961Z] <<< [apiv2][status] GET https://serviceusage.googleapis.com/v1/projects/610145583525/services/storage.googleapis.com 200
[debug] [2026-03-09T19:56:10.961Z] <<< [apiv2][body] GET https://serviceusage.googleapis.com/v1/projects/610145583525/services/storage.googleapis.com [omitted]
[info] +  functions: required API storage.googleapis.com is enabled 
[debug] [2026-03-09T19:56:10.970Z] <<< [apiv2][status] GET https://serviceusage.googleapis.com/v1/projects/610145583525/services/run.googleapis.com 200
[debug] [2026-03-09T19:56:10.971Z] <<< [apiv2][body] GET https://serviceusage.googleapis.com/v1/projects/610145583525/services/run.googleapis.com [omitted]
[warn] !  functions: missing required API run.googleapis.com. Enabling now... 
[debug] [2026-03-09T19:56:10.973Z] Checked if tokens are valid: true, expires at: 1773089266781
[debug] [2026-03-09T19:56:10.973Z] Checked if tokens are valid: true, expires at: 1773089266781
[debug] [2026-03-09T19:56:10.973Z] >>> [apiv2][query] POST https://serviceusage.googleapis.com/v1/projects/610145583525/services/run.googleapis.com:enable [none]
[debug] [2026-03-09T19:56:10.973Z] >>> [apiv2][(partial)header] POST https://serviceusage.googleapis.com/v1/projects/610145583525/services/run.googleapis.com:enable  x-goog-user-project=610145583525
[debug] [2026-03-09T19:56:11.368Z] <<< [apiv2][status] POST https://serviceusage.googleapis.com/v1/projects/610145583525/services/eventarc.googleapis.com:enable 200
[debug] [2026-03-09T19:56:11.368Z] <<< [apiv2][body] POST https://serviceusage.googleapis.com/v1/projects/610145583525/services/eventarc.googleapis.com:enable [omitted]
[debug] [2026-03-09T19:56:11.423Z] <<< [apiv2][status] POST https://serviceusage.googleapis.com/v1/projects/610145583525/services/run.googleapis.com:enable 200
[debug] [2026-03-09T19:56:11.424Z] <<< [apiv2][body] POST https://serviceusage.googleapis.com/v1/projects/610145583525/services/run.googleapis.com:enable [omitted]
[info] i  functions: generating the service identity for pubsub.googleapis.com... 
[debug] [2026-03-09T19:56:21.444Z] Checked if tokens are valid: true, expires at: 1773089266781
[debug] [2026-03-09T19:56:21.444Z] Checked if tokens are valid: true, expires at: 1773089266781
[info] i  functions: generating the service identity for eventarc.googleapis.com... 
[debug] [2026-03-09T19:56:21.446Z] Checked if tokens are valid: true, expires at: 1773089266781
[debug] [2026-03-09T19:56:21.446Z] Checked if tokens are valid: true, expires at: 1773089266781
[debug] [2026-03-09T19:56:21.447Z] >>> [apiv2][query] POST https://serviceusage.googleapis.com/v1beta1/projects/610145583525/services/pubsub.googleapis.com:generateServiceIdentity [none]
[debug] [2026-03-09T19:56:21.447Z] >>> [apiv2][(partial)header] POST https://serviceusage.googleapis.com/v1beta1/projects/610145583525/services/pubsub.googleapis.com:generateServiceIdentity  x-goog-user-project=610145583525
[debug] [2026-03-09T19:56:21.447Z] >>> [apiv2][body] POST https://serviceusage.googleapis.com/v1beta1/projects/610145583525/services/pubsub.googleapis.com:generateServiceIdentity {}
[debug] [2026-03-09T19:56:21.449Z] >>> [apiv2][query] POST https://serviceusage.googleapis.com/v1beta1/projects/610145583525/services/eventarc.googleapis.com:generateServiceIdentity [none]
[debug] [2026-03-09T19:56:21.449Z] >>> [apiv2][(partial)header] POST https://serviceusage.googleapis.com/v1beta1/projects/610145583525/services/eventarc.googleapis.com:generateServiceIdentity  x-goog-user-project=610145583525
[debug] [2026-03-09T19:56:21.449Z] >>> [apiv2][body] POST https://serviceusage.googleapis.com/v1beta1/projects/610145583525/services/eventarc.googleapis.com:generateServiceIdentity {}
[debug] [2026-03-09T19:56:22.090Z] <<< [apiv2][status] POST https://serviceusage.googleapis.com/v1beta1/projects/610145583525/services/eventarc.googleapis.com:generateServiceIdentity 200
[debug] [2026-03-09T19:56:22.090Z] <<< [apiv2][body] POST https://serviceusage.googleapis.com/v1beta1/projects/610145583525/services/eventarc.googleapis.com:generateServiceIdentity {"name":"operations/finished.DONE_OPERATION","done":true,"response":{"@type":"type.googleapis.com/google.api.serviceusage.v1beta1.ServiceIdentity","email":"service-610145583525@gcp-sa-eventarc.iam.gserviceaccount.com","uniqueId":"102187732365239551832"}}
[debug] [2026-03-09T19:56:22.277Z] <<< [apiv2][status] POST https://serviceusage.googleapis.com/v1beta1/projects/610145583525/services/pubsub.googleapis.com:generateServiceIdentity 200
[debug] [2026-03-09T19:56:22.278Z] <<< [apiv2][body] POST https://serviceusage.googleapis.com/v1beta1/projects/610145583525/services/pubsub.googleapis.com:generateServiceIdentity {"name":"operations/finished.DONE_OPERATION","done":true,"response":{"@type":"type.googleapis.com/google.api.serviceusage.v1beta1.ServiceIdentity","email":"service-610145583525@gcp-sa-pubsub.iam.gserviceaccount.com","uniqueId":"106016323521991301916"}}
[debug] [2026-03-09T19:56:22.281Z] Checked if tokens are valid: true, expires at: 1773089266781
[debug] [2026-03-09T19:56:22.281Z] Checked if tokens are valid: true, expires at: 1773089266781
[debug] [2026-03-09T19:56:22.282Z] >>> [apiv2][query] GET https://compute.googleapis.com/compute/v1/projects/610145583525 [none]
[debug] [2026-03-09T19:56:22.707Z] <<< [apiv2][status] GET https://compute.googleapis.com/compute/v1/projects/610145583525 403
[debug] [2026-03-09T19:56:22.708Z] <<< [apiv2][body] GET https://compute.googleapis.com/compute/v1/projects/610145583525 {"error":{"code":403,"message":"Compute Engine API has not been used in project 610145583525 before or it is disabled. Enable it by visiting https://console.developers.google.com/apis/api/compute.googleapis.com/overview?project=610145583525 then retry. If you enabled this API recently, wait a few minutes for the action to propagate to our systems and retry.","errors":[{"message":"Compute Engine API has not been used in project 610145583525 before or it is disabled. Enable it by visiting https://console.developers.google.com/apis/api/compute.googleapis.com/overview?project=610145583525 then retry. If you enabled this API recently, wait a few minutes for the action to propagate to our systems and retry.","domain":"usageLimits","reason":"accessNotConfigured","extendedHelp":"https://console.developers.google.com"}],"status":"PERMISSION_DENIED","details":[{"@type":"type.googleapis.com/google.rpc.ErrorInfo","reason":"SERVICE_DISABLED","domain":"googleapis.com","metadata":{"activationUrl":"https://console.developers.google.com/apis/api/compute.googleapis.com/overview?project=610145583525","service":"compute.googleapis.com","consumer":"projects/610145583525","serviceTitle":"Compute Engine API","containerInfo":"610145583525"}},{"@type":"type.googleapis.com/google.rpc.LocalizedMessage","locale":"en-US","message":"Compute Engine API has not been used in project 610145583525 before or it is disabled. Enable it by visiting https://console.developers.google.com/apis/api/compute.googleapis.com/overview?project=610145583525 then retry. If you enabled this API recently, wait a few minutes for the action to propagate to our systems and retry."},{"@type":"type.googleapis.com/google.rpc.Help","links":[{"description":"Google developers console API activation","url":"https://console.developers.google.com/apis/api/compute.googleapis.com/overview?project=610145583525"}]}]}}
[debug] [2026-03-09T19:56:22.709Z] unable to look up default compute service account. Falling back to 610145583525-compute@developer.gserviceaccount.com. Error: {"name":"FirebaseError","children":[],"context":{"body":{"error":{"code":403,"message":"Compute Engine API has not been used in project 610145583525 before or it is disabled. Enable it by visiting https://console.developers.google.com/apis/api/compute.googleapis.com/overview?project=610145583525 then retry. If you enabled this API recently, wait a few minutes for the action to propagate to our systems and retry.","errors":[{"message":"Compute Engine API has not been used in project 610145583525 before or it is disabled. Enable it by visiting https://console.developers.google.com/apis/api/compute.googleapis.com/overview?project=610145583525 then retry. If you enabled this API recently, wait a few minutes for the action to propagate to our systems and retry.","domain":"usageLimits","reason":"accessNotConfigured","extendedHelp":"https://console.developers.google.com"}],"status":"PERMISSION_DENIED","details":[{"@type":"type.googleapis.com/google.rpc.ErrorInfo","reason":"SERVICE_DISABLED","domain":"googleapis.com","metadata":{"activationUrl":"https://console.developers.google.com/apis/api/compute.googleapis.com/overview?project=610145583525","service":"compute.googleapis.com","consumer":"projects/610145583525","serviceTitle":"Compute Engine API","containerInfo":"610145583525"}},{"@type":"type.googleapis.com/google.rpc.LocalizedMessage","locale":"en-US","message":"Compute Engine API has not been used in project 610145583525 before or it is disabled. Enable it by visiting https://console.developers.google.com/apis/api/compute.googleapis.com/overview?project=610145583525 then retry. If you enabled this API recently, wait a few minutes for the action to propagate to our systems and retry."},{"@type":"type.googleapis.com/google.rpc.Help","links":[{"description":"Google developers console API activation","url":"https://console.developers.google.com/apis/api/compute.googleapis.com/overview?project=610145583525"}]}]}},"response":{"statusCode":403}},"exit":1,"message":"Request to https://compute.googleapis.com/compute/v1/projects/610145583525 had HTTP Error: 403, Compute Engine API has not been used in project 610145583525 before or it is disabled. Enable it by visiting https://console.developers.google.com/apis/api/compute.googleapis.com/overview?project=610145583525 then retry. If you enabled this API recently, wait a few minutes for the action to propagate to our systems and retry.","status":403}
[debug] [2026-03-09T19:56:22.709Z] Checked if tokens are valid: true, expires at: 1773089266781
[debug] [2026-03-09T19:56:22.709Z] Checked if tokens are valid: true, expires at: 1773089266781
[debug] [2026-03-09T19:56:22.709Z] >>> [apiv2][query] POST https://cloudresourcemanager.googleapis.com/v1/projects/610145583525:getIamPolicy [none]
[debug] [2026-03-09T19:56:23.103Z] <<< [apiv2][status] POST https://cloudresourcemanager.googleapis.com/v1/projects/610145583525:getIamPolicy 200
[debug] [2026-03-09T19:56:23.104Z] <<< [apiv2][body] POST https://cloudresourcemanager.googleapis.com/v1/projects/610145583525:getIamPolicy {"version":1,"etag":"BwZMnMuaGts=","bindings":[{"role":"roles/cloudbuild.builds.builder","members":["serviceAccount:610145583525@cloudbuild.gserviceaccount.com"]},{"role":"roles/cloudbuild.serviceAgent","members":["serviceAccount:service-610145583525@gcp-sa-cloudbuild.iam.gserviceaccount.com"]},{"role":"roles/cloudfunctions.serviceAgent","members":["serviceAccount:service-610145583525@gcf-admin-robot.iam.gserviceaccount.com"]},{"role":"roles/containerregistry.ServiceAgent","members":["serviceAccount:service-610145583525@containerregistry.iam.gserviceaccount.com"]},{"role":"roles/editor","members":["serviceAccount:610145583525@cloudservices.gserviceaccount.com","serviceAccount:bunk-buddies-dev@appspot.gserviceaccount.com","serviceAccount:610145583525-compute@developer.gserviceaccount.com"]},{"role":"roles/firebase.managementServiceAgent","members":["serviceAccount:service-610145583525@gcp-sa-firebase.iam.gserviceaccount.com"]},{"role":"roles/firebase.sdkAdminServiceAgent","members":["serviceAccount:firebase-adminsdk-fbsvc@bunk-buddies-dev.iam.gserviceaccount.com"]},{"role":"roles/firebaseauth.admin","members":["serviceAccount:firebase-adminsdk-fbsvc@bunk-buddies-dev.iam.gserviceaccount.com"]},{"role":"roles/firebasemods.serviceAgent","members":["serviceAccount:service-610145583525@gcp-sa-firebasemods.iam.gserviceaccount.com"]},{"role":"roles/firebaserules.system","members":["serviceAccount:service-610145583525@firebase-rules.iam.gserviceaccount.com"]},{"role":"roles/firestore.serviceAgent","members":["serviceAccount:service-610145583525@gcp-sa-firestore.iam.gserviceaccount.com"]},{"role":"roles/iam.serviceAccountTokenCreator","members":["serviceAccount:firebase-adminsdk-fbsvc@bunk-buddies-dev.iam.gserviceaccount.com"]},{"role":"roles/owner","members":["user:wal22080@byui.edu"]},{"role":"roles/run.serviceAgent","members":["serviceAccount:service-610145583525@serverless-robot-prod.iam.gserviceaccount.com"]}]}
[debug] [2026-03-09T19:56:23.104Z] Checked if tokens are valid: true, expires at: 1773089266781
[debug] [2026-03-09T19:56:23.104Z] Checked if tokens are valid: true, expires at: 1773089266781
[debug] [2026-03-09T19:56:23.104Z] >>> [apiv2][query] POST https://cloudresourcemanager.googleapis.com/v1/projects/610145583525:setIamPolicy [none]
[debug] [2026-03-09T19:56:23.104Z] >>> [apiv2][body] POST https://cloudresourcemanager.googleapis.com/v1/projects/610145583525:setIamPolicy {"policy":{"version":1,"etag":"BwZMnMuaGts=","bindings":[{"role":"roles/cloudbuild.builds.builder","members":["serviceAccount:610145583525@cloudbuild.gserviceaccount.com"]},{"role":"roles/cloudbuild.serviceAgent","members":["serviceAccount:service-610145583525@gcp-sa-cloudbuild.iam.gserviceaccount.com"]},{"role":"roles/cloudfunctions.serviceAgent","members":["serviceAccount:service-610145583525@gcf-admin-robot.iam.gserviceaccount.com"]},{"role":"roles/containerregistry.ServiceAgent","members":["serviceAccount:service-610145583525@containerregistry.iam.gserviceaccount.com"]},{"role":"roles/editor","members":["serviceAccount:610145583525@cloudservices.gserviceaccount.com","serviceAccount:bunk-buddies-dev@appspot.gserviceaccount.com","serviceAccount:610145583525-compute@developer.gserviceaccount.com"]},{"role":"roles/firebase.managementServiceAgent","members":["serviceAccount:service-610145583525@gcp-sa-firebase.iam.gserviceaccount.com"]},{"role":"roles/firebase.sdkAdminServiceAgent","members":["serviceAccount:firebase-adminsdk-fbsvc@bunk-buddies-dev.iam.gserviceaccount.com"]},{"role":"roles/firebaseauth.admin","members":["serviceAccount:firebase-adminsdk-fbsvc@bunk-buddies-dev.iam.gserviceaccount.com"]},{"role":"roles/firebasemods.serviceAgent","members":["serviceAccount:service-610145583525@gcp-sa-firebasemods.iam.gserviceaccount.com"]},{"role":"roles/firebaserules.system","members":["serviceAccount:service-610145583525@firebase-rules.iam.gserviceaccount.com"]},{"role":"roles/firestore.serviceAgent","members":["serviceAccount:service-610145583525@gcp-sa-firestore.iam.gserviceaccount.com"]},{"role":"roles/iam.serviceAccountTokenCreator","members":["serviceAccount:firebase-adminsdk-fbsvc@bunk-buddies-dev.iam.gserviceaccount.com","serviceAccount:service-610145583525@gcp-sa-pubsub.iam.gserviceaccount.com"]},{"role":"roles/owner","members":["user:wal22080@byui.edu"]},{"role":"roles/run.serviceAgent","members":["serviceAccount:service-610145583525@serverless-robot-prod.iam.gserviceaccount.com"]},{"role":"roles/run.invoker","members":["serviceAccount:610145583525-compute@developer.gserviceaccount.com"]},{"role":"roles/eventarc.eventReceiver","members":["serviceAccount:610145583525-compute@developer.gserviceaccount.com"]}]},"updateMask":"bindings"}
[debug] [2026-03-09T19:56:23.518Z] <<< [apiv2][status] POST https://cloudresourcemanager.googleapis.com/v1/projects/610145583525:setIamPolicy 200
[debug] [2026-03-09T19:56:23.518Z] <<< [apiv2][body] POST https://cloudresourcemanager.googleapis.com/v1/projects/610145583525:setIamPolicy {"version":1,"etag":"BwZMnMwW6G4=","bindings":[{"role":"roles/cloudbuild.builds.builder","members":["serviceAccount:610145583525@cloudbuild.gserviceaccount.com"]},{"role":"roles/cloudbuild.serviceAgent","members":["serviceAccount:service-610145583525@gcp-sa-cloudbuild.iam.gserviceaccount.com"]},{"role":"roles/cloudfunctions.serviceAgent","members":["serviceAccount:service-610145583525@gcf-admin-robot.iam.gserviceaccount.com"]},{"role":"roles/containerregistry.ServiceAgent","members":["serviceAccount:service-610145583525@containerregistry.iam.gserviceaccount.com"]},{"role":"roles/editor","members":["serviceAccount:610145583525-compute@developer.gserviceaccount.com","serviceAccount:610145583525@cloudservices.gserviceaccount.com","serviceAccount:bunk-buddies-dev@appspot.gserviceaccount.com"]},{"role":"roles/eventarc.eventReceiver","members":["serviceAccount:610145583525-compute@developer.gserviceaccount.com"]},{"role":"roles/firebase.managementServiceAgent","members":["serviceAccount:service-610145583525@gcp-sa-firebase.iam.gserviceaccount.com"]},{"role":"roles/firebase.sdkAdminServiceAgent","members":["serviceAccount:firebase-adminsdk-fbsvc@bunk-buddies-dev.iam.gserviceaccount.com"]},{"role":"roles/firebaseauth.admin","members":["serviceAccount:firebase-adminsdk-fbsvc@bunk-buddies-dev.iam.gserviceaccount.com"]},{"role":"roles/firebasemods.serviceAgent","members":["serviceAccount:service-610145583525@gcp-sa-firebasemods.iam.gserviceaccount.com"]},{"role":"roles/firebaserules.system","members":["serviceAccount:service-610145583525@firebase-rules.iam.gserviceaccount.com"]},{"role":"roles/firestore.serviceAgent","members":["serviceAccount:service-610145583525@gcp-sa-firestore.iam.gserviceaccount.com"]},{"role":"roles/iam.serviceAccountTokenCreator","members":["serviceAccount:firebase-adminsdk-fbsvc@bunk-buddies-dev.iam.gserviceaccount.com","serviceAccount:service-610145583525@gcp-sa-pubsub.iam.gserviceaccount.com"]},{"role":"roles/owner","members":["user:wal22080@byui.edu"]},{"role":"roles/run.invoker","members":["serviceAccount:610145583525-compute@developer.gserviceaccount.com"]},{"role":"roles/run.serviceAgent","members":["serviceAccount:service-610145583525@serverless-robot-prod.iam.gserviceaccount.com"]}]}
[debug] [2026-03-09T19:56:23.520Z] Checked if tokens are valid: true, expires at: 1773089266781
[debug] [2026-03-09T19:56:23.520Z] Checked if tokens are valid: true, expires at: 1773089266781
[debug] [2026-03-09T19:56:23.520Z] >>> [apiv2][query] GET https://cloudresourcemanager.googleapis.com/v1/projects/bunk-buddies-dev [none]
[debug] [2026-03-09T19:56:23.620Z] <<< [apiv2][status] GET https://cloudresourcemanager.googleapis.com/v1/projects/bunk-buddies-dev 200
[debug] [2026-03-09T19:56:23.620Z] <<< [apiv2][body] GET https://cloudresourcemanager.googleapis.com/v1/projects/bunk-buddies-dev {"projectNumber":"610145583525","projectId":"bunk-buddies-dev","lifecycleState":"ACTIVE","name":"bunk-buddies-dev","labels":{"firebase":"enabled","firebase-core":"disabled"},"createTime":"2026-02-23T20:28:23.722258Z","parent":{"type":"organization","id":"809482286561"}}
[debug] [2026-03-09T19:56:23.621Z] Checked if tokens are valid: true, expires at: 1773089266781
[debug] [2026-03-09T19:56:23.621Z] Checked if tokens are valid: true, expires at: 1773089266781
[debug] [2026-03-09T19:56:23.621Z] >>> [apiv2][query] GET https://compute.googleapis.com/compute/v1/projects/610145583525 [none]
[debug] [2026-03-09T19:56:23.743Z] <<< [apiv2][status] GET https://compute.googleapis.com/compute/v1/projects/610145583525 403
[debug] [2026-03-09T19:56:23.743Z] <<< [apiv2][body] GET https://compute.googleapis.com/compute/v1/projects/610145583525 {"error":{"code":403,"message":"Compute Engine API has not been used in project 610145583525 before or it is disabled. Enable it by visiting https://console.developers.google.com/apis/api/compute.googleapis.com/overview?project=610145583525 then retry. If you enabled this API recently, wait a few minutes for the action to propagate to our systems and retry.","errors":[{"message":"Compute Engine API has not been used in project 610145583525 before or it is disabled. Enable it by visiting https://console.developers.google.com/apis/api/compute.googleapis.com/overview?project=610145583525 then retry. If you enabled this API recently, wait a few minutes for the action to propagate to our systems and retry.","domain":"usageLimits","reason":"accessNotConfigured","extendedHelp":"https://console.developers.google.com"}],"status":"PERMISSION_DENIED","details":[{"@type":"type.googleapis.com/google.rpc.ErrorInfo","reason":"SERVICE_DISABLED","domain":"googleapis.com","metadata":{"activationUrl":"https://console.developers.google.com/apis/api/compute.googleapis.com/overview?project=610145583525","containerInfo":"610145583525","serviceTitle":"Compute Engine API","service":"compute.googleapis.com","consumer":"projects/610145583525"}},{"@type":"type.googleapis.com/google.rpc.LocalizedMessage","locale":"en-US","message":"Compute Engine API has not been used in project 610145583525 before or it is disabled. Enable it by visiting https://console.developers.google.com/apis/api/compute.googleapis.com/overview?project=610145583525 then retry. If you enabled this API recently, wait a few minutes for the action to propagate to our systems and retry."},{"@type":"type.googleapis.com/google.rpc.Help","links":[{"description":"Google developers console API activation","url":"https://console.developers.google.com/apis/api/compute.googleapis.com/overview?project=610145583525"}]}]}}
[debug] [2026-03-09T19:56:23.743Z] unable to look up default compute service account. Falling back to 610145583525-compute@developer.gserviceaccount.com. Error: {"name":"FirebaseError","children":[],"context":{"body":{"error":{"code":403,"message":"Compute Engine API has not been used in project 610145583525 before or it is disabled. Enable it by visiting https://console.developers.google.com/apis/api/compute.googleapis.com/overview?project=610145583525 then retry. If you enabled this API recently, wait a few minutes for the action to propagate to our systems and retry.","errors":[{"message":"Compute Engine API has not been used in project 610145583525 before or it is disabled. Enable it by visiting https://console.developers.google.com/apis/api/compute.googleapis.com/overview?project=610145583525 then retry. If you enabled this API recently, wait a few minutes for the action to propagate to our systems and retry.","domain":"usageLimits","reason":"accessNotConfigured","extendedHelp":"https://console.developers.google.com"}],"status":"PERMISSION_DENIED","details":[{"@type":"type.googleapis.com/google.rpc.ErrorInfo","reason":"SERVICE_DISABLED","domain":"googleapis.com","metadata":{"activationUrl":"https://console.developers.google.com/apis/api/compute.googleapis.com/overview?project=610145583525","containerInfo":"610145583525","serviceTitle":"Compute Engine API","service":"compute.googleapis.com","consumer":"projects/610145583525"}},{"@type":"type.googleapis.com/google.rpc.LocalizedMessage","locale":"en-US","message":"Compute Engine API has not been used in project 610145583525 before or it is disabled. Enable it by visiting https://console.developers.google.com/apis/api/compute.googleapis.com/overview?project=610145583525 then retry. If you enabled this API recently, wait a few minutes for the action to propagate to our systems and retry."},{"@type":"type.googleapis.com/google.rpc.Help","links":[{"description":"Google developers console API activation","url":"https://console.developers.google.com/apis/api/compute.googleapis.com/overview?project=610145583525"}]}]}},"response":{"statusCode":403}},"exit":1,"message":"Request to https://compute.googleapis.com/compute/v1/projects/610145583525 had HTTP Error: 403, Compute Engine API has not been used in project 610145583525 before or it is disabled. Enable it by visiting https://console.developers.google.com/apis/api/compute.googleapis.com/overview?project=610145583525 then retry. If you enabled this API recently, wait a few minutes for the action to propagate to our systems and retry.","status":403}
[debug] [2026-03-09T19:56:23.745Z] Checked if tokens are valid: true, expires at: 1773089266781
[debug] [2026-03-09T19:56:23.745Z] Checked if tokens are valid: true, expires at: 1773089266781
[debug] [2026-03-09T19:56:23.745Z] >>> [apiv2][query] GET https://cloudbilling.googleapis.com/v1/projects/bunk-buddies-dev/billingInfo [none]
[debug] [2026-03-09T19:56:24.407Z] <<< [apiv2][status] GET https://cloudbilling.googleapis.com/v1/projects/bunk-buddies-dev/billingInfo 200
[debug] [2026-03-09T19:56:24.407Z] <<< [apiv2][body] GET https://cloudbilling.googleapis.com/v1/projects/bunk-buddies-dev/billingInfo {"name":"projects/bunk-buddies-dev/billingInfo","projectId":"bunk-buddies-dev","billingAccountName":"billingAccounts/0160B8-5496F3-0398EE","billingEnabled":true}
[debug] [2026-03-09T19:56:24.410Z] Checked if tokens are valid: true, expires at: 1773089266781
[debug] [2026-03-09T19:56:24.410Z] Checked if tokens are valid: true, expires at: 1773089266781
[debug] [2026-03-09T19:56:24.410Z] >>> [apiv2][query] POST https://cloudfunctions.googleapis.com/v2/projects/bunk-buddies-dev/locations/us-central1/functions:generateUploadUrl [none]
[debug] [2026-03-09T19:56:25.866Z] <<< [apiv2][status] POST https://cloudfunctions.googleapis.com/v2/projects/bunk-buddies-dev/locations/us-central1/functions:generateUploadUrl 200
[debug] [2026-03-09T19:56:25.867Z] <<< [apiv2][body] POST https://cloudfunctions.googleapis.com/v2/projects/bunk-buddies-dev/locations/us-central1/functions:generateUploadUrl {"uploadUrl":"https://storage.googleapis.com/gcf-v2-uploads-610145583525.us-central1.cloudfunctions.appspot.com/a425032a-2c50-453b-ae66-93db5fe5e155.zip?GoogleAccessId=service-610145583525@gcf-admin-robot.iam.gserviceaccount.com&Expires=1773087985&Signature=V1taGrt0carTl%2BbZgQy3gh4fpl4YwHIcseeOMZ3DGOGp5CpowWkeU9vdzc0db8eBekStVmBoHJqObDbWn1pZ86D00ozF9ksueFInWP3LC2Bg%2FD4%2FsOzt%2FjQl88kFixW2XtmtF9cDoYU45eBiVJb7oN1sloA55juxtQE2FaGW%2FQ1j0IST6hYL%2BFXrY3Mt7L8%2BGmUc0MoMEYEvrgNqWLSLAsx%2Bz8qPXKQmTkw%2Bo57W96g1bMyToX8mIyCMYzKOmthbL8SjmbNcv6kDgpAHJQLLKqzyPi21XYxrEfzl2QgSLk0lFW93t%2Fd7bGn%2Bq7x4paZ3%2Fh0XKw6tbkJddnJisarh3A%3D%3D","storageSource":{"bucket":"gcf-v2-uploads-610145583525.us-central1.cloudfunctions.appspot.com","object":"a425032a-2c50-453b-ae66-93db5fe5e155.zip"}}
[debug] [2026-03-09T19:56:25.868Z] >>> [apiv2][query] PUT https://storage.googleapis.com/gcf-v2-uploads-610145583525.us-central1.cloudfunctions.appspot.com/a425032a-2c50-453b-ae66-93db5fe5e155.zip GoogleAccessId=service-610145583525%40gcf-admin-robot.iam.gserviceaccount.com&Expires=1773087985&Signature=V1taGrt0carTl%2BbZgQy3gh4fpl4YwHIcseeOMZ3DGOGp5CpowWkeU9vdzc0db8eBekStVmBoHJqObDbWn1pZ86D00ozF9ksueFInWP3LC2Bg%2FD4%2FsOzt%2FjQl88kFixW2XtmtF9cDoYU45eBiVJb7oN1sloA55juxtQE2FaGW%2FQ1j0IST6hYL%2BFXrY3Mt7L8%2BGmUc0MoMEYEvrgNqWLSLAsx%2Bz8qPXKQmTkw%2Bo57W96g1bMyToX8mIyCMYzKOmthbL8SjmbNcv6kDgpAHJQLLKqzyPi21XYxrEfzl2QgSLk0lFW93t%2Fd7bGn%2Bq7x4paZ3%2Fh0XKw6tbkJddnJisarh3A%3D%3D
[debug] [2026-03-09T19:56:25.868Z] >>> [apiv2][body] PUT https://storage.googleapis.com/gcf-v2-uploads-610145583525.us-central1.cloudfunctions.appspot.com/a425032a-2c50-453b-ae66-93db5fe5e155.zip [stream]
[debug] [2026-03-09T19:56:26.299Z] <<< [apiv2][status] PUT https://storage.googleapis.com/gcf-v2-uploads-610145583525.us-central1.cloudfunctions.appspot.com/a425032a-2c50-453b-ae66-93db5fe5e155.zip 200
[debug] [2026-03-09T19:56:26.299Z] <<< [apiv2][body] PUT https://storage.googleapis.com/gcf-v2-uploads-610145583525.us-central1.cloudfunctions.appspot.com/a425032a-2c50-453b-ae66-93db5fe5e155.zip [omitted]
[info] +  functions: functions source uploaded successfully 
[info] i  functions: creating Node.js 20 (2nd Gen) function sendPushOnNotificationCreated(us-central1)... 
[debug] [2026-03-09T19:56:26.306Z] Checked if tokens are valid: true, expires at: 1773089266781
[debug] [2026-03-09T19:56:26.306Z] Checked if tokens are valid: true, expires at: 1773089266781
[debug] [2026-03-09T19:56:26.307Z] >>> [apiv2][query] POST https://cloudfunctions.googleapis.com/v2/projects/bunk-buddies-dev/locations/us-central1/functions functionId=sendPushOnNotificationCreated
[debug] [2026-03-09T19:56:26.307Z] >>> [apiv2][body] POST https://cloudfunctions.googleapis.com/v2/projects/bunk-buddies-dev/locations/us-central1/functions {"name":"projects/bunk-buddies-dev/locations/us-central1/functions/sendPushOnNotificationCreated","buildConfig":{"runtime":"nodejs20","entryPoint":"sendPushOnNotificationCreated","source":{"storageSource":{"bucket":"gcf-v2-uploads-610145583525.us-central1.cloudfunctions.appspot.com","object":"a425032a-2c50-453b-ae66-93db5fe5e155.zip"}},"environmentVariables":{"GOOGLE_NODE_RUN_SCRIPTS":""}},"serviceConfig":{"environmentVariables":{"FIREBASE_CONFIG":"{\"projectId\":\"bunk-buddies-dev\",\"storageBucket\":\"bunk-buddies-dev.firebasestorage.app\"}","GCLOUD_PROJECT":"bunk-buddies-dev","EVENTARC_CLOUD_EVENT_SOURCE":"projects/bunk-buddies-dev/locations/us-central1/services/sendPushOnNotificationCreated","FUNCTION_SIGNATURE_TYPE":"cloudevent","FUNCTION_TARGET":"sendPushOnNotificationCreated","LOG_EXECUTION_ID":"true"},"ingressSettings":null,"timeoutSeconds":null,"serviceAccountEmail":null,"availableMemory":"256Mi","minInstanceCount":null,"maxInstanceCount":null,"maxInstanceRequestConcurrency":80,"availableCpu":"1","vpcConnector":null,"vpcConnectorEgressSettings":null},"labels":{"deployment-tool":"cli-firebase","firebase-functions-hash":"f032c3fe274637623aa34ef62e5341a485d06fb5"},"eventTrigger":{"eventType":"google.cloud.firestore.document.v1.created","retryPolicy":"RETRY_POLICY_DO_NOT_RETRY","eventFilters":[{"attribute":"database","value":"(default)"},{"attribute":"namespace","value":"(default)"},{"attribute":"document","value":"apartments/{apartmentCode}/notifications/{notificationId}","operator":"match-path-pattern"}],"triggerRegion":"nam5"}}
[debug] [2026-03-09T19:56:42.693Z] <<< [apiv2][status] POST https://cloudfunctions.googleapis.com/v2/projects/bunk-buddies-dev/locations/us-central1/functions 400
[debug] [2026-03-09T19:56:42.694Z] <<< [apiv2][body] POST https://cloudfunctions.googleapis.com/v2/projects/bunk-buddies-dev/locations/us-central1/functions {"error":{"code":400,"message":"Validation failed for trigger projects/bunk-buddies-dev/locations/nam5/triggers/sendpushonnotificationcreated-625578: Invalid resource state for \"\": Permission denied while using the Eventarc Service Agent. If you recently started to use Eventarc, it may take a few minutes before all necessary permissions are propagated to the Service Agent. Otherwise, verify that it has Eventarc Service Agent role.","status":"FAILED_PRECONDITION"}}
[warn] !  functions: Request to https://cloudfunctions.googleapis.com/v2/projects/bunk-buddies-dev/locations/us-central1/functions?functionId=sendPushOnNotificationCreated had HTTP Error: 400, Validation failed for trigger projects/bunk-buddies-dev/locations/nam5/triggers/sendpushonnotificationcreated-625578: Invalid resource state for "": Permission denied while using the Eventarc Service Agent. If you recently started to use Eventarc, it may take a few minutes before all necessary permissions are propagated to the Service Agent. Otherwise, verify that it has Eventarc Service Agent role. 
[warn] !  functions: Since this is your first time using 2nd gen functions, we need a little bit longer to finish setting everything up. Retry the deployment in a few minutes. 
[warn] !  functions:  failed to create function projects/bunk-buddies-dev/locations/us-central1/functions/sendPushOnNotificationCreated 
[error] Failed to create function projects/bunk-buddies-dev/locations/us-central1/functions/sendPushOnNotificationCreated
[debug] [2026-03-09T19:56:42.700Z] Total Function Deployment time: 16394
[debug] [2026-03-09T19:56:42.700Z] 1 Functions Deployed
[debug] [2026-03-09T19:56:42.700Z] 1 Functions Errored
[debug] [2026-03-09T19:56:42.700Z] 0 Function Deployments Aborted
[debug] [2026-03-09T19:56:42.700Z] Average Function Deployment time: 16392
[info] 
[info] Functions deploy had errors with the following functions:
	sendPushOnNotificationCreated(us-central1)
[debug] [2026-03-09T19:56:42.706Z] Checked if tokens are valid: true, expires at: 1773089266781
[debug] [2026-03-09T19:56:42.707Z] Checked if tokens are valid: true, expires at: 1773089266781
[debug] [2026-03-09T19:56:42.707Z] >>> [apiv2][query] GET https://artifactregistry.googleapis.com/v1/projects/bunk-buddies-dev/locations/us-central1/repositories/gcf-artifacts [none]
[debug] [2026-03-09T19:56:43.597Z] <<< [apiv2][status] GET https://artifactregistry.googleapis.com/v1/projects/bunk-buddies-dev/locations/us-central1/repositories/gcf-artifacts 404
[debug] [2026-03-09T19:56:43.597Z] <<< [apiv2][body] GET https://artifactregistry.googleapis.com/v1/projects/bunk-buddies-dev/locations/us-central1/repositories/gcf-artifacts {"error":{"code":404,"message":"Requested entity was not found.","status":"NOT_FOUND"}}
[debug] [2026-03-09T19:56:43.597Z] Failed to check artifact cleanup policy for region us-central1: Request to https://artifactregistry.googleapis.com/v1/projects/bunk-buddies-dev/locations/us-central1/repositories/gcf-artifacts had HTTP Error: 404, Requested entity was not found. {"name":"FirebaseError","children":[],"context":{"body":{"error":{"code":404,"message":"Requested entity was not found.","status":"NOT_FOUND"}},"response":{"statusCode":404}},"exit":1,"message":"Request to https://artifactregistry.googleapis.com/v1/projects/bunk-buddies-dev/locations/us-central1/repositories/gcf-artifacts had HTTP Error: 404, Requested entity was not found.","status":404}
[debug] [2026-03-09T19:56:43.598Z] Functions deploy failed.
[debug] [2026-03-09T19:56:43.598Z] {
  "endpoint": {
    "id": "sendPushOnNotificationCreated",
    "project": "bunk-buddies-dev",
    "region": "us-central1",
    "entryPoint": "sendPushOnNotificationCreated",
    "platform": "gcfv2",
    "runtime": "nodejs20",
    "eventTrigger": {
      "eventType": "google.cloud.firestore.document.v1.created",
      "retry": false,
      "eventFilters": {
        "database": "(default)",
        "namespace": "(default)"
      },
      "eventFilterPathPatterns": {
        "document": "apartments/{apartmentCode}/notifications/{notificationId}"
      },
      "region": "nam5"
    },
    "labels": {
      "deployment-tool": "cli-firebase"
    },
    "serviceAccount": null,
    "ingressSettings": null,
    "availableMemoryMb": null,
    "timeoutSeconds": null,
    "maxInstances": null,
    "minInstances": null,
    "concurrency": 80,
    "vpc": null,
    "environmentVariables": {
      "FIREBASE_CONFIG": "{\"projectId\":\"bunk-buddies-dev\",\"storageBucket\":\"bunk-buddies-dev.firebasestorage.app\"}",
      "GCLOUD_PROJECT": "bunk-buddies-dev",
      "EVENTARC_CLOUD_EVENT_SOURCE": "projects/bunk-buddies-dev/locations/us-central1/services/sendPushOnNotificationCreated"
    },
    "codebase": "default",
    "cpu": 1,
    "targetedByOnly": false,
    "hash": "f032c3fe274637623aa34ef62e5341a485d06fb5"
  },
  "op": "create",
  "original": {
    "name": "FirebaseError",
    "children": [],
    "context": {
      "function": "projects/bunk-buddies-dev/locations/us-central1/functions/sendPushOnNotificationCreated"
    },
    "exit": 1,
    "message": "Failed to create function projects/bunk-buddies-dev/locations/us-central1/functions/sendPushOnNotificationCreated",
    "original": {
      "name": "FirebaseError",
      "children": [],
      "context": {
        "body": {
          "error": {
            "code": 400,
            "message": "Validation failed for trigger projects/bunk-buddies-dev/locations/nam5/triggers/sendpushonnotificationcreated-625578: Invalid resource state for \"\": Permission denied while using the Eventarc Service Agent. If you recently started to use Eventarc, it may take a few minutes before all necessary permissions are propagated to the Service Agent. Otherwise, verify that it has Eventarc Service Agent role.",
            "status": "FAILED_PRECONDITION"
          }
        },
        "response": {
          "statusCode": 400
        }
      },
      "exit": 1,
      "message": "Request to https://cloudfunctions.googleapis.com/v2/projects/bunk-buddies-dev/locations/us-central1/functions?functionId=sendPushOnNotificationCreated had HTTP Error: 400, Validation failed for trigger projects/bunk-buddies-dev/locations/nam5/triggers/sendpushonnotificationcreated-625578: Invalid resource state for \"\": Permission denied while using the Eventarc Service Agent. If you recently started to use Eventarc, it may take a few minutes before all necessary permissions are propagated to the Service Agent. Otherwise, verify that it has Eventarc Service Agent role.",
      "status": 400
    },
    "status": 400,
    "code": 400
  }
}
[debug] [2026-03-09T19:56:43.601Z] Error: Failed to create function sendPushOnNotificationCreated in region us-central1
    at C:\Users\arktr\AppData\Local\nvm\v24.13.0\node_modules\firebase-tools\lib\deploy\functions\release\fabricator.js:318:27
    at process.processTicksAndRejections (node:internal/process/task_queues:103:5)
    at async Fabricator.createV2Function (C:\Users\arktr\AppData\Local\nvm\v24.13.0\node_modules\firebase-tools\lib\deploy\functions\release\fabricator.js:297:30)
    at async Fabricator.createEndpoint (C:\Users\arktr\AppData\Local\nvm\v24.13.0\node_modules\firebase-tools\lib\deploy\functions\release\fabricator.js:139:13)
    at async handle (C:\Users\arktr\AppData\Local\nvm\v24.13.0\node_modules\firebase-tools\lib\deploy\functions\release\fabricator.js:91:17)
[error] 
[error] Error: There was an error deploying functions
